[2025-07-31 17:28:16] ℹ️ ===== Inicio script dticBKPs_app.rb v4.4.2 =====
[2025-07-31 17:45:33] ℹ️ ===== Inicio script dticBKPs_app.rb v4.4.2 =====
[2025-07-31 17:46:03] ℹ️ ===== Inicio script dticBKPs_app.rb v4.4.2 =====
[2025-07-31 17:46:42] ℹ️ Iniciando xen01_proc_xvas desde /mnt/ns8Disco2/syncs_XEN01/. Eliminar: true, Sobrescribir: false
[2025-07-31 17:46:42] ⚠️ No hay archivos .xva en '/mnt/ns8Disco2/syncs_XEN01/' para la tarea xen01_proc_xvas.
[2025-07-31 17:47:36] ℹ️ Iniciando rclone sync pmox1_sinc_ns8. Origen: pve_PMOX1:/var/lib/vz/dump/, Destino: /mnt/ns8Disco2/syncs_PMOX1/
[2025-07-31 17:47:36] ℹ️ Ejecutando: rclone sync pve_PMOX1:/var/lib/vz/dump/ /mnt/ns8Disco2/syncs_PMOX1/ --progress -v
[2025-07-31 18:01:16] ℹ️ Sincronización rclone OK para pmox1_sinc_ns8.
[2025-08-07 08:29:50] ℹ️ ===== Inicio script dticBKPs_app.rb v4.4.2 =====
[2025-08-07 08:30:55] ℹ️ ===== Inicio script dticBKPs_app.rb v4.4.2 =====
[2025-08-07 08:31:52] ℹ️ Iniciando xen01_proc_xvas desde /mnt/ns8Disco2/syncs_XEN01/. Eliminar: true, Sobrescribir: false
[2025-08-07 08:31:52] ℹ️ Comprimiendo XVA /mnt/ns8Disco2/syncs_XEN01/srv-FTPyIPCAMS_20250807_020719.xva a /mnt/ns8Disco3/dtic_BACKUPS/bkps_XEN01/srv-FTPyIPCAMS/srv-FTPyIPCAMS_20250807_020719.tar.gz
[2025-08-07 09:19:12] ℹ️ Compresión XVA OK: /mnt/ns8Disco3/dtic_BACKUPS/bkps_XEN01/srv-FTPyIPCAMS/srv-FTPyIPCAMS_20250807_020719.tar.gz
[2025-08-07 09:19:12] ℹ️ Eliminando XVA original: /mnt/ns8Disco2/syncs_XEN01/srv-FTPyIPCAMS_20250807_020719.xva
[2025-08-07 09:19:13] ℹ️ Comprimiendo XVA /mnt/ns8Disco2/syncs_XEN01/srv-MauriK_20250807_010715.xva a /mnt/ns8Disco3/dtic_BACKUPS/bkps_XEN01/srv-MauriK/srv-MauriK_20250807_010715.tar.gz
[2025-08-07 09:49:54] ℹ️ Compresión XVA OK: /mnt/ns8Disco3/dtic_BACKUPS/bkps_XEN01/srv-MauriK/srv-MauriK_20250807_010715.tar.gz
[2025-08-07 09:49:54] ℹ️ Eliminando XVA original: /mnt/ns8Disco2/syncs_XEN01/srv-MauriK_20250807_010715.xva
[2025-08-07 09:49:56] ℹ️ Comprimiendo XVA /mnt/ns8Disco2/syncs_XEN01/srv-SysACADWeb_20250807_012549.xva a /mnt/ns8Disco3/dtic_BACKUPS/bkps_XEN01/srv-SysACADWeb/srv-SysACADWeb_20250807_012549.tar.gz
[2025-08-07 10:34:56] ℹ️ Compresión XVA OK: /mnt/ns8Disco3/dtic_BACKUPS/bkps_XEN01/srv-SysACADWeb/srv-SysACADWeb_20250807_012549.tar.gz
[2025-08-07 10:34:56] ℹ️ Eliminando XVA original: /mnt/ns8Disco2/syncs_XEN01/srv-SysACADWeb_20250807_012549.xva
[2025-08-07 10:34:57] ℹ️ Procesados 3 .xva para tarea xen01_proc_xvas.
[2025-08-07 10:58:37] ℹ️ Iniciando rclone sync pmox1_sinc_ns8. Origen: pve_PMOX1:/var/lib/vz/dump/, Destino: /mnt/ns8Disco2/syncs_PMOX1/
[2025-08-07 10:58:37] ℹ️ Ejecutando: rclone sync pve_PMOX1:/var/lib/vz/dump/ /mnt/ns8Disco2/syncs_PMOX1/ --progress -v
[2025-08-07 11:20:18] ℹ️ Sincronización rclone OK para pmox1_sinc_ns8.
[2025-08-07 11:28:52] ℹ️ Iniciando ns8_proc_bkps_pmox1 desde /mnt/ns8Disco2/syncs_PMOX1/. Eliminar: true, Sobrescribir: false
[2025-08-07 11:28:52] ℹ️ Comprimiendo Proxmox set para 'srvTORII' (base: vzdump-qemu-100-2025_08_07-08_54_01)
[2025-08-07 11:32:58] ℹ️ Compresión Proxmox set OK: /mnt/ns8Disco3/dtic_BACKUPS/bkps_PMOX1/srvTORII/srvTORII_20250807_090155.tar.gz
[2025-08-07 11:32:58] ℹ️ Eliminando fuentes Proxmox para 'vzdump-qemu-100-2025_08_07-08_54_01'...
[2025-08-07 11:32:59] ℹ️ Comprimiendo Proxmox set para 'srvSITIO' (base: vzdump-qemu-101-2025_08_07-09_04_06)
[2025-08-07 11:36:07] ℹ️ Compresión Proxmox set OK: /mnt/ns8Disco3/dtic_BACKUPS/bkps_PMOX1/srvSITIO/srvSITIO_20250807_091107.tar.gz
[2025-08-07 11:36:07] ℹ️ Eliminando fuentes Proxmox para 'vzdump-qemu-101-2025_08_07-09_04_06'...
[2025-08-07 11:36:08] ℹ️ Comprimiendo Proxmox set para 'srvSITIO0' (base: vzdump-qemu-102-2025_08_07-09_14_45)
[2025-08-07 11:42:01] ℹ️ Compresión Proxmox set OK: /mnt/ns8Disco3/dtic_BACKUPS/bkps_PMOX1/srvSITIO0/srvSITIO0_20250807_092542.tar.gz
[2025-08-07 11:42:01] ℹ️ Eliminando fuentes Proxmox para 'vzdump-qemu-102-2025_08_07-09_14_45'...
[2025-08-07 11:42:02] ℹ️ Comprimiendo Proxmox set para 'srvDTIC' (base: vzdump-qemu-103-2025_08_07-09_28_41)
[2025-08-07 11:53:21] ℹ️ Compresión Proxmox set OK: /mnt/ns8Disco3/dtic_BACKUPS/bkps_PMOX1/srvDTIC/srvDTIC_20250807_095140.tar.gz
[2025-08-07 11:53:21] ℹ️ Eliminando fuentes Proxmox para 'vzdump-qemu-103-2025_08_07-09_28_41'...
[2025-08-07 11:53:21] ⚠️ No se encontró el archivo .notes para el set 'vzdump-qemu-104-2025_08_07-09_52_54'. Saltando.
[2025-08-07 11:53:22] ℹ️ Comprimiendo Proxmox set para 'srvDOCs' (base: vzdump-qemu-104-2025_08_07-09_54_49)
[2025-08-07 11:56:04] ℹ️ Compresión Proxmox set OK: /mnt/ns8Disco3/dtic_BACKUPS/bkps_PMOX1/srvDOCs/srvDOCs_20250807_100148.tar.gz
[2025-08-07 11:56:04] ℹ️ Eliminando fuentes Proxmox para 'vzdump-qemu-104-2025_08_07-09_54_49'...
[2025-08-07 11:56:05] ℹ️ Comprimiendo Proxmox set para 'srvKOHA' (base: vzdump-qemu-105-2025_08_07-10_09_28)
[2025-08-07 11:58:57] ℹ️ Compresión Proxmox set OK: /mnt/ns8Disco3/dtic_BACKUPS/bkps_PMOX1/srvKOHA/srvKOHA_20250807_101517.tar.gz
[2025-08-07 11:58:57] ℹ️ Eliminando fuentes Proxmox para 'vzdump-qemu-105-2025_08_07-10_09_28'...
[2025-08-07 11:58:57] ℹ️ Comprimiendo Proxmox set para 'srvOJS' (base: vzdump-qemu-106-2025_08_07-10_20_30)
[2025-08-07 12:00:43] ℹ️ Compresión Proxmox set OK: /mnt/ns8Disco3/dtic_BACKUPS/bkps_PMOX1/srvOJS/srvOJS_20250807_102405.tar.gz
[2025-08-07 12:00:43] ℹ️ Eliminando fuentes Proxmox para 'vzdump-qemu-106-2025_08_07-10_20_30'...
[2025-08-07 12:00:43] ℹ️ Procesados 7 sets Proxmox para tarea ns8_proc_bkps_pmox1.
[2025-08-07 13:41:19] ℹ️ Iniciando rclone sync pmox2_sinc_ns8. Origen: pve_PMOX2:/var/lib/vz/dump/, Destino: /mnt/ns8Disco2/syncs_PMOX2/
[2025-08-07 13:41:19] ℹ️ Ejecutando: rclone sync pve_PMOX2:/var/lib/vz/dump/ /mnt/ns8Disco2/syncs_PMOX2/ --progress -v
[2025-08-07 13:52:21] ℹ️ ===== Inicio script dticBKPs_app.rb v4.4.2 =====
[2025-08-07 13:52:31] ℹ️ Iniciando rclone sync pmox3_sinc1_ns8. Origen: pve_PMOX3:/var/lib/vz/dump/, Destino: /mnt/ns8Disco2/syncs_PMOX3/
[2025-08-07 13:52:31] ℹ️ Ejecutando: rclone sync pve_PMOX3:/var/lib/vz/dump/ /mnt/ns8Disco2/syncs_PMOX3/ --progress -v
[2025-08-07 13:52:32] ℹ️ Sincronización rclone OK para pmox3_sinc1_ns8.
[2025-08-07 13:53:18] ℹ️ Iniciando rclone sync pmox3_sinc2_ns8. Origen: pve_PMOX3:/zfsDISCO1/backups/dump, Destino: /mnt/ns8Disco2/syncs_PMOX3/
[2025-08-07 13:53:18] ℹ️ Ejecutando: rclone sync pve_PMOX3:/zfsDISCO1/backups/dump /mnt/ns8Disco2/syncs_PMOX3/ --progress -v
[2025-08-07 14:12:47] ℹ️ Sincronización rclone OK para pmox2_sinc_ns8.
[2025-08-07 14:15:46] ℹ️ Sincronización rclone OK para pmox3_sinc2_ns8.
[2025-08-07 14:17:01] ℹ️ Iniciando ns8_proc_bkps_pmox2 desde /mnt/ns8Disco2/syncs_PMOX2/. Eliminar: true, Sobrescribir: false
[2025-08-07 14:17:01] ⚠️ No se encontró el archivo .notes para el set 'vzdump-qemu-108-2025_07_31-01_18_45'. Saltando.
[2025-08-07 14:17:01] ℹ️ Comprimiendo Proxmox set para 'pcvDASU2' (base: vzdump-qemu-108-2025_08_07-07_25_25)
[2025-08-07 14:18:08] ℹ️ Iniciando ns8_proc_bkps_pmox3 desde /mnt/ns8Disco2/syncs_PMOX3/. Eliminar: true, Sobrescribir: false
[2025-08-07 14:18:08] ⚠️ Destino 'cockpit_20250725_191900.tar.gz' existe. No se sobrescribe. Saltando.
[2025-08-07 14:18:08] ⚠️ Destino 'srvDATA_20250725_204031.tar.gz' existe. No se sobrescribe. Saltando.
[2025-08-07 14:18:08] ⚠️ Destino 'srvDATA_20250728_174254.tar.gz' existe. No se sobrescribe. Saltando.
[2025-08-07 14:18:08] ⚠️ Destino 'srvDATA-2-1_20250728_202456.tar.gz' existe. No se sobrescribe. Saltando.
[2025-08-07 14:18:08] ⚠️ Destino 'srvDATA-2-1_20250728_205802.tar.gz' existe. No se sobrescribe. Saltando.
[2025-08-07 14:18:08] ℹ️ Comprimiendo Proxmox set para 'srvFENIX' (base: vzdump-qemu-111-2025_08_07-07_04_32)
[2025-08-07 14:28:14] ℹ️ Compresión Proxmox set OK: /mnt/ns8Disco3/dtic_BACKUPS/bkps_PMOX2/pcvDASU2/pcvDASU2_20250807_072846.tar.gz
[2025-08-07 14:28:14] ℹ️ Eliminando fuentes Proxmox para 'vzdump-qemu-108-2025_08_07-07_25_25'...
[2025-08-07 14:28:14] ℹ️ Comprimiendo Proxmox set para 'pcvDASU3' (base: vzdump-qemu-109-2025_08_07-07_30_35)
[2025-08-07 14:32:43] ℹ️ Compresión Proxmox set OK: /mnt/ns8Disco3/dtic_BACKUPS/bkps_PMOX3/srvFENIX/srvFENIX_20250807_072249.tar.gz
[2025-08-07 14:32:43] ℹ️ Eliminando fuentes Proxmox para 'vzdump-qemu-111-2025_08_07-07_04_32'...
[2025-08-07 14:32:43] ⚠️ Destino 'srvDATA2_20250729_205021.tar.gz' existe. No se sobrescribe. Saltando.
[2025-08-07 14:32:43] ⚠️ Destino 'srvDATA2_20250729_212121.tar.gz' existe. No se sobrescribe. Saltando.
[2025-08-07 14:32:43] ⚠️ Destino 'srvDATA2_20250730_164419.tar.gz' existe. No se sobrescribe. Saltando.
[2025-08-07 14:32:43] ℹ️ Procesados 1 sets Proxmox para tarea ns8_proc_bkps_pmox3.
[2025-08-07 14:36:33] ℹ️ Compresión Proxmox set OK: /mnt/ns8Disco3/dtic_BACKUPS/bkps_PMOX2/pcvDASU3/pcvDASU3_20250807_073318.tar.gz
[2025-08-07 14:36:33] ℹ️ Eliminando fuentes Proxmox para 'vzdump-qemu-109-2025_08_07-07_30_35'...
[2025-08-07 14:36:33] ℹ️ Comprimiendo Proxmox set para 'pcvServiioWx' (base: vzdump-qemu-110-2025_08_07-07_34_34)
[2025-08-07 14:45:10] ℹ️ Compresión Proxmox set OK: /mnt/ns8Disco3/dtic_BACKUPS/bkps_PMOX2/pcvServiioWx/pcvServiioWx_20250807_073715.tar.gz
[2025-08-07 14:45:10] ℹ️ Eliminando fuentes Proxmox para 'vzdump-qemu-110-2025_08_07-07_34_34'...
[2025-08-07 14:45:11] ℹ️ Procesados 3 sets Proxmox para tarea ns8_proc_bkps_pmox2.
[2025-08-07 14:51:03] ℹ️ Iniciando rclone sync ns8_sinc_nube. Origen: /mnt/ns8Disco3/dtic_BACKUPS/, Destino: rmOneDrive:/dtic_BACKUPS/
[2025-08-07 14:51:03] ℹ️ Ejecutando: rclone sync /mnt/ns8Disco3/dtic_BACKUPS/ rmOneDrive:/dtic_BACKUPS/ --progress -v
[2025-08-07 14:53:56] ℹ️ ===== Inicio script dticBKPs_app.rb v4.4.2 =====
[2025-08-07 14:54:25] ℹ️ Iniciando rclone sync ns8_sinc_nube. Origen: /mnt/ns8Disco3/dtic_BACKUPS/, Destino: rmOneDrive:/dtic_BACKUPS/
[2025-08-07 14:54:25] ℹ️ Ejecutando: rclone sync /mnt/ns8Disco3/dtic_BACKUPS/ rmOneDrive:/dtic_BACKUPS/ --progress -v
[2025-08-08 02:47:01] ❌ Fallo sincronización rclone para ns8_sinc_nube (Fallo (cód: 7)).
[2025-08-08 16:18:08] ℹ️ ===== Inicio script dticBKPs_app.rb v4.4.2 =====
[2025-08-08 17:19:19] ℹ️ Iniciando rclone sync ns8_sinc_nube. Origen: /mnt/ns8Disco3/dtic_BACKUPS/, Destino: rmOneDrive:/dtic_BACKUPS/
[2025-08-08 17:19:19] ℹ️ Ejecutando: rclone sync /mnt/ns8Disco3/dtic_BACKUPS/ rmOneDrive:/dtic_BACKUPS/ --progress -v
[2025-08-08 21:24:02] ℹ️ ===== Inicio script dticBKPs_app.rb v4.4.2 =====
[2025-08-08 21:39:36] ℹ️ ===== Inicio script dticBKPs_app.rb v4.4.2 =====
[2025-08-08 21:39:44] ℹ️ Iniciando rclone sync ns8_sinc_nube. Origen: /mnt/ns8Disco3/dtic_BACKUPS/bkps_PMOX1/, Destino: rmOneDrive:/dtic_BACKUPS/bkps_PMOX1/
[2025-08-08 21:39:44] ℹ️ Ejecutando: rclone sync /mnt/ns8Disco3/dtic_BACKUPS/bkps_PMOX1/ rmOneDrive:/dtic_BACKUPS/bkps_PMOX1/ --progress -v
[2025-08-08 21:39:49] ℹ️ Sincronización rclone OK para ns8_sinc_nube.
[2025-08-08 21:43:19] ℹ️ ===== Inicio script dticBKPs_app.rb v4.4.2 =====
[2025-08-08 21:43:24] ℹ️ Iniciando rclone sync ns8_sinc_nube. Origen: /mnt/ns8Disco3/dtic_BACKUPS/bkps_ANTIGUOS/, Destino: rmOneDrive:/dtic_BACKUPS/bkps_ANTIGUOS/
[2025-08-08 21:43:24] ℹ️ Ejecutando: rclone sync /mnt/ns8Disco3/dtic_BACKUPS/bkps_ANTIGUOS/ rmOneDrive:/dtic_BACKUPS/bkps_ANTIGUOS/ --progress -v
[2025-08-09 03:34:18] ℹ️ Sincronización rclone OK para ns8_sinc_nube.
[2025-08-09 08:45:25] ℹ️ ===== Inicio script dticBKPs_app.rb v4.4.2 =====
[2025-08-09 08:45:44] ℹ️ Iniciando rclone sync ns8_sinc_nube. Origen: /mnt/ns8Disco3/dtic_BACKUPS/bkps_ANTIGUOS/, Destino: rmOneDrive:/dtic_BACKUPS/bkps_ANTIGUOS/
[2025-08-09 08:45:44] ℹ️ Ejecutando: rclone sync /mnt/ns8Disco3/dtic_BACKUPS/bkps_ANTIGUOS/ rmOneDrive:/dtic_BACKUPS/bkps_ANTIGUOS/ --progress -v
[2025-08-09 08:45:50] ℹ️ Sincronización rclone OK para ns8_sinc_nube.
[2025-08-09 08:45:58] ℹ️ Iniciando rclone sync ns8_sinc_nube. Origen: /mnt/ns8Disco3/dtic_BACKUPS/bkps_PMOX1/, Destino: rmOneDrive:/dtic_BACKUPS/bkps_PMOX1/
[2025-08-09 08:45:58] ℹ️ Ejecutando: rclone sync /mnt/ns8Disco3/dtic_BACKUPS/bkps_PMOX1/ rmOneDrive:/dtic_BACKUPS/bkps_PMOX1/ --progress -v
[2025-08-09 08:46:01] ℹ️ Sincronización rclone OK para ns8_sinc_nube.
[2025-08-09 08:46:11] ℹ️ Iniciando rclone sync ns8_sinc_nube. Origen: /mnt/ns8Disco3/dtic_BACKUPS/bkps_PMOX2/, Destino: rmOneDrive:/dtic_BACKUPS/bkps_PMOX2/
[2025-08-09 08:46:11] ℹ️ Ejecutando: rclone sync /mnt/ns8Disco3/dtic_BACKUPS/bkps_PMOX2/ rmOneDrive:/dtic_BACKUPS/bkps_PMOX2/ --progress -v
