[2025-07-21 12:15:46] ℹ️ ===== Inicio script dticBKPs_app.rb v4.ruby.4.1 =====
[2025-07-21 12:32:52] ℹ️ ===== Inicio script dticBKPs_app.rb v4.ruby.4.1 =====
[2025-07-21 12:32:55] ℹ️ Iniciando xen01_procesar_xva desde /media/rmonla/NS8_Disco2/syncs_XEN01. Eliminar: true, Sobrescribir: false
[2025-07-21 12:32:55] ℹ️ Comprimiendo XVA /media/rmonla/NS8_Disco2/syncs_XEN01/srv-MauriK_20250703_134416.xva a /media/rmonla/NS8_Disco3/dtic_BACKUPS/bkps_XEN01/srv-MauriK/srv-MauriK_20250703_134416.tar.gz
[2025-07-21 13:03:08] ℹ️ Compresión XVA OK: /media/rmonla/NS8_Disco3/dtic_BACKUPS/bkps_XEN01/srv-MauriK/srv-MauriK_20250703_134416.tar.gz
[2025-07-21 13:03:08] ℹ️ Eliminando XVA original: /media/rmonla/NS8_Disco2/syncs_XEN01/srv-MauriK_20250703_134416.xva
[2025-07-21 13:03:11] ℹ️ Procesados 1 .xva para tarea xen01_procesar_xva.
[2025-07-21 13:50:43] ℹ️ Iniciando xen01_procesar_xva desde /media/rmonla/NS8_Disco2/syncs_XEN01. Eliminar: true, Sobrescribir: false
[2025-07-21 13:50:43] ℹ️ Comprimiendo XVA /media/rmonla/NS8_Disco2/syncs_XEN01/srv-SysACADWeb_20250703_130811.xva a /media/rmonla/NS8_Disco3/dtic_BACKUPS/bkps_XEN01/srv-SysACADWeb/srv-SysACADWeb_20250703_130811.tar.gz
[2025-07-21 14:33:41] ℹ️ Compresión XVA OK: /media/rmonla/NS8_Disco3/dtic_BACKUPS/bkps_XEN01/srv-SysACADWeb/srv-SysACADWeb_20250703_130811.tar.gz
[2025-07-21 14:33:41] ℹ️ Eliminando XVA original: /media/rmonla/NS8_Disco2/syncs_XEN01/srv-SysACADWeb_20250703_130811.xva
[2025-07-21 14:33:45] ℹ️ Procesados 1 .xva para tarea xen01_procesar_xva.
[2025-07-21 15:59:04] ℹ️ Iniciando xen01_procesar_xva desde /media/rmonla/NS8_Disco2/syncs_XEN01. Eliminar: true, Sobrescribir: false
[2025-07-21 15:59:04] ⚠️ No hay archivos .xva en '/media/rmonla/NS8_Disco2/syncs_XEN01' para la tarea xen01_procesar_xva.
[2025-07-21 21:27:59] ℹ️ ===== Inicio script dticBKPs_app.rb v4.ruby.4.1 =====
[2025-07-21 21:28:10] ℹ️ Iniciando xen01_procesar_xva desde /media/rmonla/NS8_Disco2/syncs_XEN01. Eliminar: true, Sobrescribir: false
[2025-07-21 21:28:10] ⚠️ No hay archivos .xva en '/media/rmonla/NS8_Disco2/syncs_XEN01' para la tarea xen01_procesar_xva.
[2025-07-21 21:29:31] ℹ️ ===== Inicio script dticBKPs_app.rb v4.ruby.4.1 =====
[2025-07-21 21:29:35] ℹ️ Iniciando xen01_procesar_xva desde /media/rmonla/NS8_Disco2/syncs_XEN01. Eliminar: true, Sobrescribir: false
[2025-07-21 21:29:35] ⚠️ No hay archivos .xva en '/media/rmonla/NS8_Disco2/syncs_XEN01' para la tarea xen01_procesar_xva.
[2025-07-21 21:53:43] ℹ️ ===== Inicio script dticBKPs_app.rb v4.ruby.4.1 =====
[2025-07-21 21:58:33] ℹ️ Configuración actualizada y guardada por el usuario.
[2025-07-21 22:01:02] ℹ️ Iniciando rclone sync pmox1_sincronizar. Origen: pve_PMOX1:/var/lib/vz/dump/, Destino: /mnt/ns8Disco2/syncs_PMOX1/
[2025-07-21 22:01:02] ℹ️ Ejecutando: rclone sync pve_PMOX1:/var/lib/vz/dump/ /mnt/ns8Disco2/syncs_PMOX1/ --progress -v
[2025-07-21 22:04:26] ℹ️ Sincronización rclone OK para pmox1_sincronizar.
[2025-07-22 11:45:12] ℹ️ ===== Inicio script dticBKPs_app.rb v4.ruby.4.1 =====
[2025-07-22 11:45:21] ℹ️ Iniciando rclone sync pmox1_sincronizar. Origen: pve_PMOX1:/var/lib/vz/dump/, Destino: /mnt/ns8Disco2/syncs_PMOX1/
[2025-07-22 11:45:21] ℹ️ Ejecutando: rclone sync pve_PMOX1:/var/lib/vz/dump/ /mnt/ns8Disco2/syncs_PMOX1/ --progress -v
[2025-07-22 11:45:23] ℹ️ Sincronización rclone OK para pmox1_sincronizar.
[2025-07-22 11:45:31] ℹ️ Iniciando procesamiento de logs/notes Proxmox para la tarea 'pmox1_procesar'.
[2025-07-22 11:45:31] ℹ️ Origen: /media/NS8_Disco2/syncs_PMOX1/, Destino: /media/rmonla/NS8_Disco3/dtic_BACKUPS/bkps_PMOX1/
[2025-07-22 11:45:31] ℹ️ Procesamiento Proxmox OK para pmox1_procesar.
[2025-07-22 16:10:05] ℹ️ ===== Inicio script dticBKPs_app.rb v4.ruby.4.1 =====
[2025-07-22 16:10:10] ℹ️ Iniciando pmox1_procesar desde /media/NS8_Disco2/syncs_PMOX1/. Eliminar: true, Sobrescribir: false
[2025-07-22 16:10:10] ⚠️ No se encontraron archivos .log en '/media/NS8_Disco2/syncs_PMOX1/' para la tarea pmox1_procesar.
[2025-07-22 16:12:00] ℹ️ Configuración actualizada y guardada por el usuario.
[2025-07-22 16:12:05] ℹ️ Iniciando pmox1_procesar desde /mnt/ns8Disco2/syncs_PMOX1/. Eliminar: true, Sobrescribir: false
[2025-07-22 16:12:05] ⚠️ Destino 'srvKOHA_20250626_143426.tar.gz' existe. No se sobrescribe. Saltando.
[2025-07-22 16:12:05] ℹ️ Comprimiendo Proxmox set para 'srvOJS' (base: vzdump-qemu-103-2025_06_28-14_34_18)
[2025-07-22 16:13:52] ℹ️ Compresión Proxmox set OK: /mnt/ns8Disco3/dtic_BACKUPS/bkps_PMOX1/srvOJS/srvOJS_20250628_143516.tar.gz
[2025-07-22 16:13:52] ℹ️ Eliminando fuentes Proxmox para 'vzdump-qemu-103-2025_06_28-14_34_18'...
[2025-07-22 16:13:52] ℹ️ Comprimiendo Proxmox set para 'srvTELEs' (base: vzdump-qemu-104-2025_06_28-14_35_16)
[2025-07-22 16:15:12] ℹ️ Compresión Proxmox set OK: /mnt/ns8Disco3/dtic_BACKUPS/bkps_PMOX1/srvTELEs/srvTELEs_20250628_143556.tar.gz
[2025-07-22 16:15:12] ℹ️ Eliminando fuentes Proxmox para 'vzdump-qemu-104-2025_06_28-14_35_16'...
[2025-07-22 16:15:12] ℹ️ Procesados 2 sets Proxmox para tarea pmox1_procesar.
[2025-07-22 17:14:41] ℹ️ ===== Inicio script dticBKPs_app.rb v4.ruby.4.1 =====
[2025-07-22 17:15:08] ℹ️ ===== Inicio script dticBKPs_app.rb v4.ruby.4.1 =====
[2025-07-22 17:16:43] ℹ️ Configuración actualizada y guardada por el usuario.
[2025-07-22 17:18:24] ℹ️ Configuración actualizada y guardada por el usuario.
[2025-07-22 17:27:27] ℹ️ ===== Inicio script dticBKPs_app.rb v4.ruby.4.1 =====
[2025-07-22 17:37:44] ℹ️ ===== Inicio script dticBKPs_app.rb v4.ruby.4.1 =====
[2025-07-22 17:37:49] ℹ️ Iniciando rclone sync pmox2_sinc_ns8. Origen: pve_PMOX2:/var/lib/vz/dump/, Destino: /mnt/ns8Disco2/syncs_PMOX2/
[2025-07-22 17:37:49] ℹ️ Ejecutando: rclone sync pve_PMOX2:/var/lib/vz/dump/ /mnt/ns8Disco2/syncs_PMOX2/ --progress -v
[2025-07-22 17:50:00] ℹ️ Sincronización rclone OK para pmox2_sinc_ns8.
[2025-07-22 17:50:18] ℹ️ Iniciando pmox2_procesar desde /mnt/ns8Disco2/syncs_PMOX2/. Eliminar: true, Sobrescribir: false
[2025-07-22 17:50:18] ℹ️ Comprimiendo Proxmox set para 'pcvDASU2' (base: vzdump-qemu-108-2025_07_06-23_31_01)
[2025-07-22 18:00:31] ℹ️ Compresión Proxmox set OK: /mnt/ns8Disco3/dtic_BACKUPS/bkps_PMOX2/pcvDASU2/pcvDASU2_20250706_233431.tar.gz
[2025-07-22 18:00:31] ℹ️ Eliminando fuentes Proxmox para 'vzdump-qemu-108-2025_07_06-23_31_01'...
[2025-07-22 18:00:32] ℹ️ Comprimiendo Proxmox set para 'pcvDASU3' (base: vzdump-qemu-109-2025_07_06-23_28_11)
[2025-07-22 18:08:02] ℹ️ Compresión Proxmox set OK: /mnt/ns8Disco3/dtic_BACKUPS/bkps_PMOX2/pcvDASU3/pcvDASU3_20250706_233101.tar.gz
[2025-07-22 18:08:02] ℹ️ Eliminando fuentes Proxmox para 'vzdump-qemu-109-2025_07_06-23_28_11'...
[2025-07-22 18:08:03] ℹ️ Comprimiendo Proxmox set para 'pcvServiioWx' (base: vzdump-qemu-110-2025_07_06-23_25_31)
[2025-07-22 18:15:45] ℹ️ Compresión Proxmox set OK: /mnt/ns8Disco3/dtic_BACKUPS/bkps_PMOX2/pcvServiioWx/pcvServiioWx_20250706_232811.tar.gz
[2025-07-22 18:15:45] ℹ️ Eliminando fuentes Proxmox para 'vzdump-qemu-110-2025_07_06-23_25_31'...
[2025-07-22 18:15:46] ℹ️ Procesados 3 sets Proxmox para tarea pmox2_procesar.
[2025-07-22 18:16:36] ℹ️ ===== Inicio script dticBKPs_app.rb v4.ruby.4.1 =====
[2025-07-22 18:30:14] ℹ️ ===== Inicio script dticBKPs_app.rb v4.ruby.4.1 =====
[2025-07-22 18:32:37] ℹ️ ===== Inicio script dticBKPs_app.rb v4.ruby.4.1 =====
[2025-07-22 18:32:42] ℹ️ Iniciando rclone sync pmox3_sinc_ns8. Origen: pve_PMOX3:/var/lib/vz/dump/, Destino: /mnt/ns8Disco2/syncs_PMOX3/
[2025-07-22 18:32:42] ℹ️ Ejecutando: rclone sync pve_PMOX3:/var/lib/vz/dump/ /mnt/ns8Disco2/syncs_PMOX3/ --progress -v
[2025-07-22 18:32:43] ℹ️ Sincronización rclone OK para pmox3_sinc_ns8.
[2025-07-22 18:35:22] ℹ️ Configuración actualizada y guardada por el usuario.
[2025-07-22 18:35:56] ℹ️ Iniciando rclone sync pmox3_sinc_ns8. Origen: pve_PMOX3:/zfsDISCO1/backups/dump, Destino: /mnt/ns8Disco2/syncs_PMOX3/
[2025-07-22 18:35:56] ℹ️ Ejecutando: rclone sync pve_PMOX3:/zfsDISCO1/backups/dump /mnt/ns8Disco2/syncs_PMOX3/ --progress -v
[2025-07-22 18:47:55] ℹ️ Sincronización rclone OK para pmox3_sinc_ns8.
[2025-07-22 18:54:44] ℹ️ Iniciando ns8_proc_bkps_pmox3 desde /mnt/ns8Disco2/syncs_PMOX3/. Eliminar: true, Sobrescribir: false
[2025-07-22 18:54:44] ℹ️ Comprimiendo Proxmox set para 'srvFENIX' (base: vzdump-qemu-111-2025_07_03-11_19_24)
[2025-07-22 19:05:27] ℹ️ Compresión Proxmox set OK: /mnt/ns8Disco3/dtic_BACKUPS/bkps_PMOX3/srvFENIX/srvFENIX_20250703_113255.tar.gz
[2025-07-22 19:05:27] ℹ️ Eliminando fuentes Proxmox para 'vzdump-qemu-111-2025_07_03-11_19_24'...
[2025-07-22 19:05:28] ℹ️ Comprimiendo Proxmox set para 'srvFENIX' (base: vzdump-qemu-111-2025_07_06-22_56_27)
[2025-07-22 19:18:18] ℹ️ Compresión Proxmox set OK: /mnt/ns8Disco3/dtic_BACKUPS/bkps_PMOX3/srvFENIX/srvFENIX_20250706_231320.tar.gz
[2025-07-22 19:18:18] ℹ️ Eliminando fuentes Proxmox para 'vzdump-qemu-111-2025_07_06-22_56_27'...
[2025-07-22 19:18:19] ℹ️ Procesados 2 sets Proxmox para tarea ns8_proc_bkps_pmox3.
[2025-07-22 19:21:30] ℹ️ Iniciando ns8_proc_bkps_pmox3 desde /mnt/ns8Disco2/syncs_PMOX3/. Eliminar: true, Sobrescribir: false
[2025-07-22 19:21:30] ⚠️ No se encontraron archivos .log en '/mnt/ns8Disco2/syncs_PMOX3/' para la tarea ns8_proc_bkps_pmox3.
[2025-07-22 20:17:52] ℹ️ ===== Inicio script dticBKPs_app.rb v4.ruby.4.1 =====
[2025-07-22 20:17:57] ℹ️ Iniciando rclone sync ns8_sinc_nube. Origen: /mnt/ns8Disco3/dtic_BACKUPS/, Destino: rmOneDrive:/dtic_BACKUPS/
[2025-07-22 20:17:57] ℹ️ Ejecutando: rclone sync /mnt/ns8Disco3/dtic_BACKUPS/ rmOneDrive:/dtic_BACKUPS/ --progress -v
[2025-07-23 23:45:02] ℹ️ ===== Inicio script dticBKPs_app.rb v4.4.1 =====
[2025-07-23 23:45:18] ℹ️ Iniciando xen01_proc_xva desde /media/rmonla/NS8_Disco2/syncs_XEN01. Eliminar: true, Sobrescribir: false
[2025-07-23 23:45:18] ⚠️ No hay archivos .xva en '/media/rmonla/NS8_Disco2/syncs_XEN01' para la tarea xen01_proc_xva.
[2025-07-23 23:47:20] ℹ️ Configuración actualizada y guardada por el usuario.
[2025-07-23 23:47:26] ℹ️ Iniciando xen01_proc_xva desde /mnt/ns8Disco2/syncs_XEN01/. Eliminar: true, Sobrescribir: false
[2025-07-23 23:47:26] ℹ️ Comprimiendo XVA /mnt/ns8Disco2/syncs_XEN01/srv-DHCPyDNS_20250723_170028.xva a /mnt/ns8Disco3/dtic_BACKUPS/bkps_XEN01/srv-DHCPyDNS/srv-DHCPyDNS_20250723_170028.tar.gz
[2025-07-23 23:52:33] ℹ️ Compresión XVA OK: /mnt/ns8Disco3/dtic_BACKUPS/bkps_XEN01/srv-DHCPyDNS/srv-DHCPyDNS_20250723_170028.tar.gz
[2025-07-23 23:52:33] ℹ️ Eliminando XVA original: /mnt/ns8Disco2/syncs_XEN01/srv-DHCPyDNS_20250723_170028.xva
[2025-07-23 23:52:34] ℹ️ Comprimiendo XVA /mnt/ns8Disco2/syncs_XEN01/srv-FTPyIPCAMS_20250723_182027.xva a /mnt/ns8Disco3/dtic_BACKUPS/bkps_XEN01/srv-FTPyIPCAMS/srv-FTPyIPCAMS_20250723_182027.tar.gz
[2025-07-24 00:48:43] ℹ️ Compresión XVA OK: /mnt/ns8Disco3/dtic_BACKUPS/bkps_XEN01/srv-FTPyIPCAMS/srv-FTPyIPCAMS_20250723_182027.tar.gz
[2025-07-24 00:48:43] ℹ️ Eliminando XVA original: /mnt/ns8Disco2/syncs_XEN01/srv-FTPyIPCAMS_20250723_182027.xva
[2025-07-24 00:48:45] ℹ️ Comprimiendo XVA /mnt/ns8Disco2/syncs_XEN01/srv-SiGesDocs_20250723_172339.xva a /mnt/ns8Disco3/dtic_BACKUPS/bkps_XEN01/srv-SiGesDocs/srv-SiGesDocs_20250723_172339.tar.gz
[2025-07-24 01:29:03] ℹ️ Compresión XVA OK: /mnt/ns8Disco3/dtic_BACKUPS/bkps_XEN01/srv-SiGesDocs/srv-SiGesDocs_20250723_172339.tar.gz
[2025-07-24 01:29:03] ℹ️ Eliminando XVA original: /mnt/ns8Disco2/syncs_XEN01/srv-SiGesDocs_20250723_172339.xva
[2025-07-24 01:29:04] ℹ️ Procesados 3 .xva para tarea xen01_proc_xva.
[2025-07-24 01:29:24] ℹ️ Iniciando xen01_proc_xva desde /mnt/ns8Disco2/syncs_XEN01/. Eliminar: true, Sobrescribir: false
[2025-07-24 01:29:24] ℹ️ Comprimiendo XVA /mnt/ns8Disco2/syncs_XEN01/srv-MauriK_20250723_234931.xva a /mnt/ns8Disco3/dtic_BACKUPS/bkps_XEN01/srv-MauriK/srv-MauriK_20250723_234931.tar.gz
[2025-07-24 02:30:15] ℹ️ Compresión XVA OK: /mnt/ns8Disco3/dtic_BACKUPS/bkps_XEN01/srv-MauriK/srv-MauriK_20250723_234931.tar.gz
[2025-07-24 02:30:15] ℹ️ Eliminando XVA original: /mnt/ns8Disco2/syncs_XEN01/srv-MauriK_20250723_234931.xva
[2025-07-24 02:30:17] ℹ️ Procesados 1 .xva para tarea xen01_proc_xva.
[2025-07-24 12:11:42] ℹ️ Iniciando xen01_proc_xva desde /mnt/ns8Disco2/syncs_XEN01/. Eliminar: true, Sobrescribir: false
[2025-07-24 12:11:42] ℹ️ Comprimiendo XVA /mnt/ns8Disco2/syncs_XEN01/srv-SysACADWeb_20250724_013543.xva a /mnt/ns8Disco3/dtic_BACKUPS/bkps_XEN01/srv-SysACADWeb/srv-SysACADWeb_20250724_013543.tar.gz
[2025-07-24 12:14:31] ℹ️ ===== Inicio script dticBKPs_app.rb v4.4.1 =====
[2025-07-24 12:15:05] ℹ️ Iniciando rclone sync pmox1_sinc_ns8. Origen: pve_PMOX1:/var/lib/vz/dump/, Destino: /mnt/ns8Disco2/syncs_PMOX1/
[2025-07-24 12:15:05] ℹ️ Ejecutando: rclone sync pve_PMOX1:/var/lib/vz/dump/ /mnt/ns8Disco2/syncs_PMOX1/ --progress -v
[2025-07-24 12:40:03] ℹ️ Sincronización rclone OK para pmox1_sinc_ns8.
[2025-07-24 13:04:44] ℹ️ Iniciando ns8_proc_bkps_pmox1 desde /mnt/ns8Disco2/syncs_PMOX1/. Eliminar: true, Sobrescribir: false
[2025-07-24 13:04:44] ℹ️ Comprimiendo Proxmox set para 'srvTORII' (base: vzdump-qemu-100-2025_07_24-09_36_41)
[2025-07-24 13:07:17] ℹ️ Compresión Proxmox set OK: /mnt/ns8Disco3/dtic_BACKUPS/bkps_PMOX1/srvTORII/srvTORII_20250724_094314.tar.gz
[2025-07-24 13:07:17] ℹ️ Eliminando fuentes Proxmox para 'vzdump-qemu-100-2025_07_24-09_36_41'...
[2025-07-24 13:07:17] ℹ️ Comprimiendo Proxmox set para 'srvSITIO' (base: vzdump-qemu-101-2025_07_24-09_47_55)
[2025-07-24 13:10:26] ℹ️ Compresión Proxmox set OK: /mnt/ns8Disco3/dtic_BACKUPS/bkps_PMOX1/srvSITIO/srvSITIO_20250724_095317.tar.gz
[2025-07-24 13:10:26] ℹ️ Eliminando fuentes Proxmox para 'vzdump-qemu-101-2025_07_24-09_47_55'...
[2025-07-24 13:10:27] ℹ️ Comprimiendo Proxmox set para 'srvSITIO0' (base: vzdump-qemu-102-2025_07_24-09_53_17)
[2025-07-24 13:11:16] ℹ️ Compresión XVA OK: /mnt/ns8Disco3/dtic_BACKUPS/bkps_XEN01/srv-SysACADWeb/srv-SysACADWeb_20250724_013543.tar.gz
[2025-07-24 13:11:16] ℹ️ Eliminando XVA original: /mnt/ns8Disco2/syncs_XEN01/srv-SysACADWeb_20250724_013543.xva
[2025-07-24 13:11:17] ℹ️ Procesados 1 .xva para tarea xen01_proc_xva.
[2025-07-24 13:16:15] ℹ️ Compresión Proxmox set OK: /mnt/ns8Disco3/dtic_BACKUPS/bkps_PMOX1/srvSITIO0/srvSITIO0_20250724_100303.tar.gz
[2025-07-24 13:16:15] ℹ️ Eliminando fuentes Proxmox para 'vzdump-qemu-102-2025_07_24-09_53_17'...
[2025-07-24 13:16:16] ℹ️ Comprimiendo Proxmox set para 'srvDTIC' (base: vzdump-qemu-103-2025_07_24-10_03_03)
[2025-07-24 13:27:39] ℹ️ Compresión Proxmox set OK: /mnt/ns8Disco3/dtic_BACKUPS/bkps_PMOX1/srvDTIC/srvDTIC_20250724_103033.tar.gz
[2025-07-24 13:27:39] ℹ️ Eliminando fuentes Proxmox para 'vzdump-qemu-103-2025_07_24-10_03_03'...
[2025-07-24 13:27:40] ℹ️ Comprimiendo Proxmox set para 'srvDOCs' (base: vzdump-qemu-104-2025_07_24-10_30_33)
[2025-07-24 13:30:26] ℹ️ Compresión Proxmox set OK: /mnt/ns8Disco3/dtic_BACKUPS/bkps_PMOX1/srvDOCs/srvDOCs_20250724_103808.tar.gz
[2025-07-24 13:30:26] ℹ️ Eliminando fuentes Proxmox para 'vzdump-qemu-104-2025_07_24-10_30_33'...
[2025-07-24 13:30:27] ℹ️ Comprimiendo Proxmox set para 'srvKOHA' (base: vzdump-qemu-105-2025_07_24-10_38_08)
[2025-07-24 13:33:12] ℹ️ Compresión Proxmox set OK: /mnt/ns8Disco3/dtic_BACKUPS/bkps_PMOX1/srvKOHA/srvKOHA_20250724_104450.tar.gz
[2025-07-24 13:33:12] ℹ️ Eliminando fuentes Proxmox para 'vzdump-qemu-105-2025_07_24-10_38_08'...
[2025-07-24 13:33:12] ℹ️ Comprimiendo Proxmox set para 'srvOJS' (base: vzdump-qemu-106-2025_07_24-10_44_50)
[2025-07-24 13:35:01] ℹ️ Compresión Proxmox set OK: /mnt/ns8Disco3/dtic_BACKUPS/bkps_PMOX1/srvOJS/srvOJS_20250724_105008.tar.gz
[2025-07-24 13:35:01] ℹ️ Eliminando fuentes Proxmox para 'vzdump-qemu-106-2025_07_24-10_44_50'...
[2025-07-24 13:35:01] ℹ️ Comprimiendo Proxmox set para 'srvTELEs' (base: vzdump-qemu-107-2025_07_24-10_50_09)
[2025-07-24 13:36:20] ℹ️ Compresión Proxmox set OK: /mnt/ns8Disco3/dtic_BACKUPS/bkps_PMOX1/srvTELEs/srvTELEs_20250724_105338.tar.gz
[2025-07-24 13:36:20] ℹ️ Eliminando fuentes Proxmox para 'vzdump-qemu-107-2025_07_24-10_50_09'...
[2025-07-24 13:36:21] ℹ️ Procesados 8 sets Proxmox para tarea ns8_proc_bkps_pmox1.
[2025-07-24 13:43:04] ℹ️ Iniciando rclone sync pmox2_sinc_ns8. Origen: pve_PMOX2:/var/lib/vz/dump/, Destino: /mnt/ns8Disco2/syncs_PMOX2/
[2025-07-24 13:43:04] ℹ️ Ejecutando: rclone sync pve_PMOX2:/var/lib/vz/dump/ /mnt/ns8Disco2/syncs_PMOX2/ --progress -v
[2025-07-24 14:04:12] ℹ️ ===== Inicio script dticBKPs_app.rb v4.4.1 =====
[2025-07-24 14:04:22] ℹ️ Iniciando rclone sync pmox2_sinc_ns8. Origen: pve_PMOX2:/var/lib/vz/dump/, Destino: /mnt/ns8Disco2/syncs_PMOX2/
[2025-07-24 14:04:22] ℹ️ Ejecutando: rclone sync pve_PMOX2:/var/lib/vz/dump/ /mnt/ns8Disco2/syncs_PMOX2/ --progress -v
[2025-07-24 14:04:22] ℹ️ Sincronización rclone OK para pmox2_sinc_ns8.
[2025-07-24 14:06:42] ℹ️ Iniciando rclone sync pmox3_sinc_ns8. Origen: pve_PMOX3:/zfsDISCO1/backups/dump, Destino: /mnt/ns8Disco2/syncs_PMOX3/
[2025-07-24 14:06:42] ℹ️ Ejecutando: rclone sync pve_PMOX3:/zfsDISCO1/backups/dump /mnt/ns8Disco2/syncs_PMOX3/ --progress -v
[2025-07-24 14:06:42] ℹ️ Sincronización rclone OK para pmox3_sinc_ns8.
[2025-07-24 14:07:19] ℹ️ ===== Inicio script dticBKPs_app.rb v4.4.1 =====
[2025-07-24 14:08:27] ℹ️ ===== Inicio script dticBKPs_app.rb v4.4.1 =====
[2025-07-24 14:09:49] ℹ️ ===== Inicio script dticBKPs_app.rb v4.4.1 =====
[2025-07-24 14:16:24] ℹ️ ===== Inicio script dticBKPs_app.rb v4.4.1 =====
[2025-07-24 14:19:39] ℹ️ ===== Inicio script dticBKPs_app.rb v4.4.1 =====
[2025-07-24 14:21:51] ℹ️ ===== Inicio script dticBKPs_app.rb v4.4.1 =====
[2025-07-24 14:22:19] ℹ️ ===== Inicio script dticBKPs_app.rb v4.4.1 =====
[2025-07-24 14:22:36] ℹ️ ===== Inicio script dticBKPs_app.rb v4.4.1 =====
[2025-07-24 14:23:05] ℹ️ ===== Inicio script dticBKPs_app.rb v4.4.1 =====
[2025-07-24 14:26:00] ℹ️ ===== Inicio script dticBKPs_app.rb v4.4.1 =====
[2025-07-24 14:27:31] ℹ️ ===== Inicio script dticBKPs_app.rb v4.4.1 =====
[2025-07-24 14:28:32] ℹ️ ===== Inicio script dticBKPs_app.rb v4.4.1 =====
[2025-07-24 14:29:04] ℹ️ ===== Inicio script dticBKPs_app.rb v4.4.1 =====
[2025-07-24 14:30:31] ℹ️ ===== Inicio script dticBKPs_app.rb v4.4.1 =====
[2025-07-24 14:32:35] ℹ️ ===== Inicio script dticBKPs_app.rb v4.4.1 =====
[2025-07-24 14:34:54] ℹ️ ===== Inicio script dticBKPs_app.rb v4.4.1 =====
[2025-07-24 14:35:05] ℹ️ ===== Inicio script dticBKPs_app.rb v4.4.1 =====
[2025-07-24 14:35:25] ℹ️ ===== Inicio script dticBKPs_app.rb v4.4.1 =====
[2025-07-24 14:40:39] ℹ️ ===== Inicio script dticBKPs_app.rb v4.4.1 =====
[2025-07-24 14:41:21] ℹ️ ===== Inicio script dticBKPs_app.rb v4.4.1 =====
[2025-07-24 14:41:27] ℹ️ Iniciando rclone sync pmox3_sinc1_ns8. Origen: pve_PMOX3:/var/lib/vz/dump/, Destino: /mnt/ns8Disco2/syncs_PMOX3/
[2025-07-24 14:41:27] ℹ️ Ejecutando: rclone sync pve_PMOX3:/var/lib/vz/dump/ /mnt/ns8Disco2/syncs_PMOX3/ --progress -v
[2025-07-24 14:49:55] ℹ️ Sincronización rclone OK para pmox3_sinc1_ns8.
[2025-07-24 14:51:07] ℹ️ Iniciando rclone sync pmox2_sinc_ns8. Origen: pve_PMOX2:/var/lib/vz/dump/, Destino: /mnt/ns8Disco2/syncs_PMOX2/
[2025-07-24 14:51:07] ℹ️ Ejecutando: rclone sync pve_PMOX2:/var/lib/vz/dump/ /mnt/ns8Disco2/syncs_PMOX2/ --progress -v
[2025-07-24 14:51:40] ℹ️ ===== Inicio script dticBKPs_app.rb v4.4.1 =====
[2025-07-24 14:51:48] ℹ️ Iniciando ns8_proc_bkps_pmox3 desde /mnt/ns8Disco2/syncs_PMOX3/. Eliminar: true, Sobrescribir: false
[2025-07-24 14:51:48] ⚠️ No se encontró el archivo .notes para el set 'vzdump-qemu-102-2025_05_06-15_59_47'. Saltando.
[2025-07-24 14:51:48] ⚠️ No se encontró el archivo .notes para el set 'vzdump-qemu-105-2025_06_28-15_36_59'. Saltando.
[2025-07-24 14:51:48] ℹ️ Comprimiendo Proxmox set para 'srvFENIX' (base: vzdump-qemu-111-2025_07_24-08_49_22)
[2025-07-24 15:14:14] ℹ️ Sincronización rclone OK para pmox2_sinc_ns8.
[2025-07-24 15:19:34] ℹ️ Compresión Proxmox set OK: /mnt/ns8Disco3/dtic_BACKUPS/bkps_PMOX3/srvFENIX/srvFENIX_20250724_090635.tar.gz
[2025-07-24 15:19:34] ℹ️ Eliminando fuentes Proxmox para 'vzdump-qemu-111-2025_07_24-08_49_22'...
[2025-07-24 15:19:35] ℹ️ Procesados 1 sets Proxmox para tarea ns8_proc_bkps_pmox3.
[2025-07-24 15:20:58] ℹ️ Iniciando ns8_proc_bkps_pmox2 desde /mnt/ns8Disco2/syncs_PMOX2/. Eliminar: true, Sobrescribir: false
[2025-07-24 15:20:58] ℹ️ Comprimiendo Proxmox set para 'pcvDASU2' (base: vzdump-qemu-108-2025_07_24-07_32_52)
[2025-07-24 15:26:57] ℹ️ ===== Inicio script dticBKPs_app.rb v4.4.1 =====
[2025-07-24 15:28:29] ℹ️ ===== Inicio script dticBKPs_app.rb v4.4.1 =====
[2025-07-24 15:31:27] ℹ️ Compresión Proxmox set OK: /mnt/ns8Disco3/dtic_BACKUPS/bkps_PMOX2/pcvDASU2/pcvDASU2_20250724_073620.tar.gz
[2025-07-24 15:31:27] ℹ️ Eliminando fuentes Proxmox para 'vzdump-qemu-108-2025_07_24-07_32_52'...
[2025-07-24 15:31:28] ℹ️ Comprimiendo Proxmox set para 'pcvDASU3' (base: vzdump-qemu-109-2025_07_24-07_38_09)
[2025-07-24 15:39:02] ℹ️ Compresión Proxmox set OK: /mnt/ns8Disco3/dtic_BACKUPS/bkps_PMOX2/pcvDASU3/pcvDASU3_20250724_074054.tar.gz
[2025-07-24 15:39:02] ℹ️ Eliminando fuentes Proxmox para 'vzdump-qemu-109-2025_07_24-07_38_09'...
[2025-07-24 15:39:03] ℹ️ Comprimiendo Proxmox set para 'pcvServiioWx' (base: vzdump-qemu-110-2025_07_24-08_28_23)
[2025-07-24 15:46:44] ℹ️ Compresión Proxmox set OK: /mnt/ns8Disco3/dtic_BACKUPS/bkps_PMOX2/pcvServiioWx/pcvServiioWx_20250724_083105.tar.gz
[2025-07-24 15:46:44] ℹ️ Eliminando fuentes Proxmox para 'vzdump-qemu-110-2025_07_24-08_28_23'...
[2025-07-24 15:46:45] ℹ️ Procesados 3 sets Proxmox para tarea ns8_proc_bkps_pmox2.
[2025-07-24 16:02:54] ℹ️ ===== Inicio script dticBKPs_app.rb v4.4.1 =====
[2025-07-24 16:03:01] ℹ️ Iniciando rclone sync ns8_sinc_nube. Origen: /mnt/ns8Disco3/dtic_BACKUPS/, Destino: rmOneDrive:/dtic_BACKUPS/
[2025-07-24 16:03:01] ℹ️ Ejecutando: rclone sync /mnt/ns8Disco3/dtic_BACKUPS/ rmOneDrive:/dtic_BACKUPS/ --progress -v
